Arguments: 
  C:\Program Files\nodejs\node.exe C:\Program Files (x86)\Yarn\bin\yarn.js add -D react-custom-scrollbars

PATH: 
  C:\Program Files\Git\mingw64\bin;C:\Program Files\Git\usr\bin;C:\Users\Rhaps\bin;C:\WINDOWS\system32;C:\WINDOWS;C:\WINDOWS\System32\Wbem;C:\WINDOWS\System32\WindowsPowerShell\v1.0;C:\Users\Rhaps\AppData\Roaming\nvm;C:\Program Files\nodejs;C:\Program Files (x86)\Yarn\bin;C:\Program Files\Git\cmd;C:\WINDOWS\system32\config\systemprofile\.dnx\bin;C:\Program Files\Microsoft DNX\Dnvm;C:\Program Files (x86)\Microsoft SQL Server\Client SDK\ODBC\130\Tools\Binn;C:\Program Files (x86)\Microsoft SQL Server\140\Tools\Binn;C:\Program Files (x86)\Microsoft SQL Server\140\DTS\Binn;C:\Program Files (x86)\Microsoft SQL Server\140\Tools\Binn\ManagementStudio;C:\Program Files\Microsoft SQL Server\110\Tools\Binn;C:\Program Files (x86)\Microsoft SQL Server\110\Tools\Binn;C:\Program Files\Microsoft SQL Server\110\DTS\Binn;C:\Program Files (x86)\Microsoft SQL Server\110\Tools\Binn\ManagementStudio;C:\Program Files (x86)\Microsoft Visual Studio 10.0\Common7\IDE\PrivateAssemblies;C:\Program Files (x86)\Microsoft SQL Server\110\DTS\Binn;C:\Users\Rhaps\AppData\Local\Microsoft\WindowsApps;C:\Program Files\Microsoft VS Code\bin;C:\Users\Rhaps\AppData\Roaming\nvm;C:\Program Files\nodejs;C:\Users\Rhaps\AppData\Local\Yarn\bin

Yarn version: 
  0.27.5

Node version: 
  8.3.0

Platform: 
  win32 x64

npm manifest: 
  {
      "name": "surveyapp",
      "version": "1.0.0",
      "main": "index.js",
      "author": {
          "name": "Daniel <daniel.dungngo@gmail.com>"
      },
      "license": "MIT",
      "scripts": {
          "prebuild:p": "find app/* ! \\( -name assets -o -name img -o -name \"*.png\" \\) -exec rm -rf {} +",
          "build:p": "webpack -p --progress --env.prod",
          "dev": "webpack-dev-server",
          "dev:d": "webpack-dashboard -- webpack-dev-server"
      },
      "dependencies": {
          "axios": "^0.16.2",
          "preact": "^8.2.5",
          "preact-compat": "^3.17.0",
          "react": "^15.6.1",
          "react-dom": "^15.6.1",
          "react-redux": "^5.0.6",
          "react-router-dom": "^4.2.2",
          "redux": "^3.7.2"
      },
      "devDependencies": {
          "@types/node": "^8.0.28",
          "@types/react": "^16.0.5",
          "@types/react-dom": "^15.5.4",
          "@types/react-hot-loader": "^3.0.4",
          "@types/react-redux": "^5.0.7",
          "@types/react-router-dom": "^4.0.7",
          "@types/redux-thunk": "^2.1.0",
          "@types/webpack": "^3.0.10",
          "@types/webpack-dev-server": "^2.4.1",
          "@types/webpack-env": "^1.13.1",
          "awesome-typescript-loader": "^3.2.3",
          "css-loader": "^0.28.7",
          "extract-text-webpack-plugin": "^3.0.0",
          "html-webpack-plugin": "^2.30.1",
          "node-sass": "^4.5.3",
          "optimize-css-assets-webpack-plugin": "^3.1.1",
          "react-hot-loader": "next",
          "react-redux-typescript": "^2.3.0",
          "redux-thunk": "^2.2.0",
          "sass-loader": "^6.0.6",
          "style-loader": "^0.18.2",
          "tslib": "^1.7.1",
          "tslint": "^5.7.0",
          "tslint-config-airbnb": "^5.2.1",
          "typescript": "^2.5.2",
          "webpack": "^3.5.6",
          "webpack-dev-server": "^2.7.1"
      }
  }

yarn manifest: 
  No manifest

Lockfile: 
  No lockfile

Trace: 
  Error: EPERM: operation not permitted, unlink 'D:\Desktop\surveyapp\node_modules\node-sass\vendor\win32-x64-57\binding.node'
